[26-Jan-2023 07:57:53 UTC] PHP Deprecated:  Return type of Requests_Cookie_Jar::offsetExists($key) should either be compatible with ArrayAccess::offsetExists(mixed $offset): bool, or the #[\ReturnTypeWillChange] attribute should be used to temporarily suppress the notice in /home/896782.cloudwaysapps.com/vebhcvgxta/public_html/wp-includes/Requests/Cookie/Jar.php on line 63
[26-Jan-2023 07:57:53 UTC] PHP Deprecated:  Return type of Requests_Cookie_Jar::offsetGet($key) should either be compatible with ArrayAccess::offsetGet(mixed $offset): mixed, or the #[\ReturnTypeWillChange] attribute should be used to temporarily suppress the notice in /home/896782.cloudwaysapps.com/vebhcvgxta/public_html/wp-includes/Requests/Cookie/Jar.php on line 73
[26-Jan-2023 07:57:53 UTC] PHP Deprecated:  Return type of Requests_Cookie_Jar::offsetSet($key, $value) should either be compatible with ArrayAccess::offsetSet(mixed $offset, mixed $value): void, or the #[\ReturnTypeWillChange] attribute should be used to temporarily suppress the notice in /home/896782.cloudwaysapps.com/vebhcvgxta/public_html/wp-includes/Requests/Cookie/Jar.php on line 89
[26-Jan-2023 07:57:53 UTC] PHP Deprecated:  Return type of Requests_Cookie_Jar::offsetUnset($key) should either be compatible with ArrayAccess::offsetUnset(mixed $offset): void, or the #[\ReturnTypeWillChange] attribute should be used to temporarily suppress the notice in /home/896782.cloudwaysapps.com/vebhcvgxta/public_html/wp-includes/Requests/Cookie/Jar.php on line 102
[26-Jan-2023 07:57:53 UTC] PHP Deprecated:  Return type of Requests_Cookie_Jar::getIterator() should either be compatible with IteratorAggregate::getIterator(): Traversable, or the #[\ReturnTypeWillChange] attribute should be used to temporarily suppress the notice in /home/896782.cloudwaysapps.com/vebhcvgxta/public_html/wp-includes/Requests/Cookie/Jar.php on line 111
[26-Jan-2023 07:57:53 UTC] PHP Deprecated:  Return type of Requests_Utility_CaseInsensitiveDictionary::offsetExists($key) should either be compatible with ArrayAccess::offsetExists(mixed $offset): bool, or the #[\ReturnTypeWillChange] attribute should be used to temporarily suppress the notice in /home/896782.cloudwaysapps.com/vebhcvgxta/public_html/wp-includes/Requests/Utility/CaseInsensitiveDictionary.php on line 40
[26-Jan-2023 07:57:53 UTC] PHP Deprecated:  Return type of Requests_Utility_CaseInsensitiveDictionary::offsetGet($key) should either be compatible with ArrayAccess::offsetGet(mixed $offset): mixed, or the #[\ReturnTypeWillChange] attribute should be used to temporarily suppress the notice in /home/896782.cloudwaysapps.com/vebhcvgxta/public_html/wp-includes/Requests/Utility/CaseInsensitiveDictionary.php on line 51
[26-Jan-2023 07:57:53 UTC] PHP Deprecated:  Return type of Requests_Utility_CaseInsensitiveDictionary::offsetSet($key, $value) should either be compatible with ArrayAccess::offsetSet(mixed $offset, mixed $value): void, or the #[\ReturnTypeWillChange] attribute should be used to temporarily suppress the notice in /home/896782.cloudwaysapps.com/vebhcvgxta/public_html/wp-includes/Requests/Utility/CaseInsensitiveDictionary.php on line 68
[26-Jan-2023 07:57:53 UTC] PHP Deprecated:  Return type of Requests_Utility_CaseInsensitiveDictionary::offsetUnset($key) should either be compatible with ArrayAccess::offsetUnset(mixed $offset): void, or the #[\ReturnTypeWillChange] attribute should be used to temporarily suppress the notice in /home/896782.cloudwaysapps.com/vebhcvgxta/public_html/wp-includes/Requests/Utility/CaseInsensitiveDictionary.php on line 82
[26-Jan-2023 07:57:53 UTC] PHP Deprecated:  Return type of Requests_Utility_CaseInsensitiveDictionary::getIterator() should either be compatible with IteratorAggregate::getIterator(): Traversable, or the #[\ReturnTypeWillChange] attribute should be used to temporarily suppress the notice in /home/896782.cloudwaysapps.com/vebhcvgxta/public_html/wp-includes/Requests/Utility/CaseInsensitiveDictionary.php on line 91
[26-Jan-2023 07:57:55 UTC] PHP Deprecated:  Return type of Requests_Cookie_Jar::offsetExists($key) should either be compatible with ArrayAccess::offsetExists(mixed $offset): bool, or the #[\ReturnTypeWillChange] attribute should be used to temporarily suppress the notice in /home/896782.cloudwaysapps.com/vebhcvgxta/public_html/wp-includes/Requests/Cookie/Jar.php on line 63
[26-Jan-2023 07:57:55 UTC] PHP Deprecated:  Return type of Requests_Cookie_Jar::offsetGet($key) should either be compatible with ArrayAccess::offsetGet(mixed $offset): mixed, or the #[\ReturnTypeWillChange] attribute should be used to temporarily suppress the notice in /home/896782.cloudwaysapps.com/vebhcvgxta/public_html/wp-includes/Requests/Cookie/Jar.php on line 73
[26-Jan-2023 07:57:55 UTC] PHP Deprecated:  Return type of Requests_Cookie_Jar::offsetSet($key, $value) should either be compatible with ArrayAccess::offsetSet(mixed $offset, mixed $value): void, or the #[\ReturnTypeWillChange] attribute should be used to temporarily suppress the notice in /home/896782.cloudwaysapps.com/vebhcvgxta/public_html/wp-includes/Requests/Cookie/Jar.php on line 89
[26-Jan-2023 07:57:55 UTC] PHP Deprecated:  Return type of Requests_Cookie_Jar::offsetUnset($key) should either be compatible with ArrayAccess::offsetUnset(mixed $offset): void, or the #[\ReturnTypeWillChange] attribute should be used to temporarily suppress the notice in /home/896782.cloudwaysapps.com/vebhcvgxta/public_html/wp-includes/Requests/Cookie/Jar.php on line 102
[26-Jan-2023 07:57:55 UTC] PHP Deprecated:  Return type of Requests_Cookie_Jar::getIterator() should either be compatible with IteratorAggregate::getIterator(): Traversable, or the #[\ReturnTypeWillChange] attribute should be used to temporarily suppress the notice in /home/896782.cloudwaysapps.com/vebhcvgxta/public_html/wp-includes/Requests/Cookie/Jar.php on line 111
[26-Jan-2023 07:57:55 UTC] PHP Deprecated:  Return type of Requests_Utility_CaseInsensitiveDictionary::offsetExists($key) should either be compatible with ArrayAccess::offsetExists(mixed $offset): bool, or the #[\ReturnTypeWillChange] attribute should be used to temporarily suppress the notice in /home/896782.cloudwaysapps.com/vebhcvgxta/public_html/wp-includes/Requests/Utility/CaseInsensitiveDictionary.php on line 40
[26-Jan-2023 07:57:55 UTC] PHP Deprecated:  Return type of Requests_Utility_CaseInsensitiveDictionary::offsetGet($key) should either be compatible with ArrayAccess::offsetGet(mixed $offset): mixed, or the #[\ReturnTypeWillChange] attribute should be used to temporarily suppress the notice in /home/896782.cloudwaysapps.com/vebhcvgxta/public_html/wp-includes/Requests/Utility/CaseInsensitiveDictionary.php on line 51
[26-Jan-2023 07:57:55 UTC] PHP Deprecated:  Return type of Requests_Utility_CaseInsensitiveDictionary::offsetSet($key, $value) should either be compatible with ArrayAccess::offsetSet(mixed $offset, mixed $value): void, or the #[\ReturnTypeWillChange] attribute should be used to temporarily suppress the notice in /home/896782.cloudwaysapps.com/vebhcvgxta/public_html/wp-includes/Requests/Utility/CaseInsensitiveDictionary.php on line 68
[26-Jan-2023 07:57:55 UTC] PHP Deprecated:  Return type of Requests_Utility_CaseInsensitiveDictionary::offsetUnset($key) should either be compatible with ArrayAccess::offsetUnset(mixed $offset): void, or the #[\ReturnTypeWillChange] attribute should be used to temporarily suppress the notice in /home/896782.cloudwaysapps.com/vebhcvgxta/public_html/wp-includes/Requests/Utility/CaseInsensitiveDictionary.php on line 82
[26-Jan-2023 07:57:55 UTC] PHP Deprecated:  Return type of Requests_Utility_CaseInsensitiveDictionary::getIterator() should either be compatible with IteratorAggregate::getIterator(): Traversable, or the #[\ReturnTypeWillChange] attribute should be used to temporarily suppress the notice in /home/896782.cloudwaysapps.com/vebhcvgxta/public_html/wp-includes/Requests/Utility/CaseInsensitiveDictionary.php on line 91
[26-Jan-2023 07:58:40 UTC] PHP Warning:  Attempt to read property "DetailPageUrl" on array in /home/896782.cloudwaysapps.com/vebhcvgxta/public_html/wp-content/plugins/ralawise_sid_scrap/index.php on line 227
[26-Jan-2023 07:58:40 UTC] PHP Warning:  Attempt to read property "BrandPicture" on array in /home/896782.cloudwaysapps.com/vebhcvgxta/public_html/wp-content/plugins/ralawise_sid_scrap/index.php on line 229
[26-Jan-2023 07:58:40 UTC] PHP Warning:  Attempt to read property "DetailPageUrl" on array in /home/896782.cloudwaysapps.com/vebhcvgxta/public_html/wp-content/plugins/ralawise_sid_scrap/index.php on line 227
[26-Jan-2023 07:58:40 UTC] PHP Warning:  Attempt to read property "BrandPicture" on array in /home/896782.cloudwaysapps.com/vebhcvgxta/public_html/wp-content/plugins/ralawise_sid_scrap/index.php on line 229
[26-Jan-2023 07:58:42 UTC] PHP Fatal error:  Uncaught Error: Call to a member function getAttribute() on null in /home/896782.cloudwaysapps.com/vebhcvgxta/public_html/wp-content/plugins/ralawise_sid_scrap/index.php:327
Stack trace:
#0 /home/896782.cloudwaysapps.com/vebhcvgxta/public_html/wp-content/plugins/ralawise_sid_scrap/index.php(229): scrap_product_html()
#1 /home/896782.cloudwaysapps.com/vebhcvgxta/public_html/wp-content/plugins/ralawise_sid_scrap/index.php(159): insert_or_update_product()
#2 /home/896782.cloudwaysapps.com/vebhcvgxta/public_html/wp-includes/class-wp-hook.php(308): run_cron()
#3 /home/896782.cloudwaysapps.com/vebhcvgxta/public_html/wp-includes/class-wp-hook.php(332): WP_Hook->apply_filters()
#4 /home/896782.cloudwaysapps.com/vebhcvgxta/public_html/wp-includes/plugin.php(517): WP_Hook->do_action()
#5 /home/896782.cloudwaysapps.com/vebhcvgxta/public_html/wp-settings.php(617): do_action()
#6 /home/896782.cloudwaysapps.com/vebhcvgxta/public_html/wp-config.php(96): require_once('/home/896782.cl...')
#7 /home/896782.cloudwaysapps.com/vebhcvgxta/public_html/wp-load.php(50): require_once('/home/896782.cl...')
#8 /home/896782.cloudwaysapps.com/vebhcvgxta/public_html/wp-blog-header.php(13): require_once('/home/896782.cl...')
#9 /home/896782.cloudwaysapps.com/vebhcvgxta/public_html/index.php(17): require('/home/896782.cl...')
#10 {main}
  thrown in /home/896782.cloudwaysapps.com/vebhcvgxta/public_html/wp-content/plugins/ralawise_sid_scrap/index.php on line 327
[26-Jan-2023 07:58:42 UTC] PHP Fatal error:  Uncaught Error: Call to a member function getAttribute() on null in /home/896782.cloudwaysapps.com/vebhcvgxta/public_html/wp-content/plugins/ralawise_sid_scrap/index.php:327
Stack trace:
#0 /home/896782.cloudwaysapps.com/vebhcvgxta/public_html/wp-content/plugins/ralawise_sid_scrap/index.php(229): scrap_product_html()
#1 /home/896782.cloudwaysapps.com/vebhcvgxta/public_html/wp-content/plugins/ralawise_sid_scrap/index.php(159): insert_or_update_product()
#2 /home/896782.cloudwaysapps.com/vebhcvgxta/public_html/wp-includes/class-wp-hook.php(308): run_cron()
#3 /home/896782.cloudwaysapps.com/vebhcvgxta/public_html/wp-includes/class-wp-hook.php(332): WP_Hook->apply_filters()
#4 /home/896782.cloudwaysapps.com/vebhcvgxta/public_html/wp-includes/plugin.php(517): WP_Hook->do_action()
#5 /home/896782.cloudwaysapps.com/vebhcvgxta/public_html/wp-settings.php(617): do_action()
#6 /home/896782.cloudwaysapps.com/vebhcvgxta/public_html/wp-config.php(96): require_once('/home/896782.cl...')
#7 /home/896782.cloudwaysapps.com/vebhcvgxta/public_html/wp-load.php(50): require_once('/home/896782.cl...')
#8 /home/896782.cloudwaysapps.com/vebhcvgxta/public_html/wp-blog-header.php(13): require_once('/home/896782.cl...')
#9 /home/896782.cloudwaysapps.com/vebhcvgxta/public_html/index.php(17): require('/home/896782.cl...')
#10 {main}
  thrown in /home/896782.cloudwaysapps.com/vebhcvgxta/public_html/wp-content/plugins/ralawise_sid_scrap/index.php on line 327
[26-Jan-2023 07:58:45 UTC] PHP Deprecated:  Return type of Requests_Cookie_Jar::offsetExists($key) should either be compatible with ArrayAccess::offsetExists(mixed $offset): bool, or the #[\ReturnTypeWillChange] attribute should be used to temporarily suppress the notice in /home/896782.cloudwaysapps.com/vebhcvgxta/public_html/wp-includes/Requests/Cookie/Jar.php on line 63
[26-Jan-2023 07:58:45 UTC] PHP Deprecated:  Return type of Requests_Cookie_Jar::offsetGet($key) should either be compatible with ArrayAccess::offsetGet(mixed $offset): mixed, or the #[\ReturnTypeWillChange] attribute should be used to temporarily suppress the notice in /home/896782.cloudwaysapps.com/vebhcvgxta/public_html/wp-includes/Requests/Cookie/Jar.php on line 73
[26-Jan-2023 07:58:45 UTC] PHP Deprecated:  Return type of Requests_Cookie_Jar::offsetSet($key, $value) should either be compatible with ArrayAccess::offsetSet(mixed $offset, mixed $value): void, or the #[\ReturnTypeWillChange] attribute should be used to temporarily suppress the notice in /home/896782.cloudwaysapps.com/vebhcvgxta/public_html/wp-includes/Requests/Cookie/Jar.php on line 89
[26-Jan-2023 07:58:45 UTC] PHP Deprecated:  Return type of Requests_Cookie_Jar::offsetUnset($key) should either be compatible with ArrayAccess::offsetUnset(mixed $offset): void, or the #[\ReturnTypeWillChange] attribute should be used to temporarily suppress the notice in /home/896782.cloudwaysapps.com/vebhcvgxta/public_html/wp-includes/Requests/Cookie/Jar.php on line 102
[26-Jan-2023 07:58:45 UTC] PHP Deprecated:  Return type of Requests_Cookie_Jar::getIterator() should either be compatible with IteratorAggregate::getIterator(): Traversable, or the #[\ReturnTypeWillChange] attribute should be used to temporarily suppress the notice in /home/896782.cloudwaysapps.com/vebhcvgxta/public_html/wp-includes/Requests/Cookie/Jar.php on line 111
[26-Jan-2023 07:58:45 UTC] PHP Deprecated:  Return type of Requests_Utility_CaseInsensitiveDictionary::offsetExists($key) should either be compatible with ArrayAccess::offsetExists(mixed $offset): bool, or the #[\ReturnTypeWillChange] attribute should be used to temporarily suppress the notice in /home/896782.cloudwaysapps.com/vebhcvgxta/public_html/wp-includes/Requests/Utility/CaseInsensitiveDictionary.php on line 40
[26-Jan-2023 07:58:45 UTC] PHP Deprecated:  Return type of Requests_Utility_CaseInsensitiveDictionary::offsetGet($key) should either be compatible with ArrayAccess::offsetGet(mixed $offset): mixed, or the #[\ReturnTypeWillChange] attribute should be used to temporarily suppress the notice in /home/896782.cloudwaysapps.com/vebhcvgxta/public_html/wp-includes/Requests/Utility/CaseInsensitiveDictionary.php on line 51
[26-Jan-2023 07:58:45 UTC] PHP Deprecated:  Return type of Requests_Utility_CaseInsensitiveDictionary::offsetSet($key, $value) should either be compatible with ArrayAccess::offsetSet(mixed $offset, mixed $value): void, or the #[\ReturnTypeWillChange] attribute should be used to temporarily suppress the notice in /home/896782.cloudwaysapps.com/vebhcvgxta/public_html/wp-includes/Requests/Utility/CaseInsensitiveDictionary.php on line 68
[26-Jan-2023 07:58:45 UTC] PHP Deprecated:  Return type of Requests_Utility_CaseInsensitiveDictionary::offsetUnset($key) should either be compatible with ArrayAccess::offsetUnset(mixed $offset): void, or the #[\ReturnTypeWillChange] attribute should be used to temporarily suppress the notice in /home/896782.cloudwaysapps.com/vebhcvgxta/public_html/wp-includes/Requests/Utility/CaseInsensitiveDictionary.php on line 82
[26-Jan-2023 07:58:45 UTC] PHP Deprecated:  Return type of Requests_Utility_CaseInsensitiveDictionary::getIterator() should either be compatible with IteratorAggregate::getIterator(): Traversable, or the #[\ReturnTypeWillChange] attribute should be used to temporarily suppress the notice in /home/896782.cloudwaysapps.com/vebhcvgxta/public_html/wp-includes/Requests/Utility/CaseInsensitiveDictionary.php on line 91
[26-Jan-2023 07:58:45 UTC] PHP Warning:  Cannot modify header information - headers already sent by (output started at /home/896782.cloudwaysapps.com/vebhcvgxta/public_html/wp-includes/Requests/Utility/CaseInsensitiveDictionary.php:15) in /home/896782.cloudwaysapps.com/vebhcvgxta/public_html/wp-includes/pluggable.php on line 1416
[26-Jan-2023 07:58:45 UTC] PHP Warning:  Cannot modify header information - headers already sent by (output started at /home/896782.cloudwaysapps.com/vebhcvgxta/public_html/wp-includes/Requests/Utility/CaseInsensitiveDictionary.php:15) in /home/896782.cloudwaysapps.com/vebhcvgxta/public_html/wp-includes/pluggable.php on line 1419
[26-Jan-2023 07:58:48 UTC] PHP Deprecated:  Return type of Requests_Cookie_Jar::offsetExists($key) should either be compatible with ArrayAccess::offsetExists(mixed $offset): bool, or the #[\ReturnTypeWillChange] attribute should be used to temporarily suppress the notice in /home/896782.cloudwaysapps.com/vebhcvgxta/public_html/wp-includes/Requests/Cookie/Jar.php on line 63
[26-Jan-2023 07:58:48 UTC] PHP Deprecated:  Return type of Requests_Cookie_Jar::offsetGet($key) should either be compatible with ArrayAccess::offsetGet(mixed $offset): mixed, or the #[\ReturnTypeWillChange] attribute should be used to temporarily suppress the notice in /home/896782.cloudwaysapps.com/vebhcvgxta/public_html/wp-includes/Requests/Cookie/Jar.php on line 73
[26-Jan-2023 07:58:48 UTC] PHP Deprecated:  Return type of Requests_Cookie_Jar::offsetSet($key, $value) should either be compatible with ArrayAccess::offsetSet(mixed $offset, mixed $value): void, or the #[\ReturnTypeWillChange] attribute should be used to temporarily suppress the notice in /home/896782.cloudwaysapps.com/vebhcvgxta/public_html/wp-includes/Requests/Cookie/Jar.php on line 89
[26-Jan-2023 07:58:48 UTC] PHP Deprecated:  Return type of Requests_Cookie_Jar::offsetUnset($key) should either be compatible with ArrayAccess::offsetUnset(mixed $offset): void, or the #[\ReturnTypeWillChange] attribute should be used to temporarily suppress the notice in /home/896782.cloudwaysapps.com/vebhcvgxta/public_html/wp-includes/Requests/Cookie/Jar.php on line 102
[26-Jan-2023 07:58:48 UTC] PHP Deprecated:  Return type of Requests_Cookie_Jar::getIterator() should either be compatible with IteratorAggregate::getIterator(): Traversable, or the #[\ReturnTypeWillChange] attribute should be used to temporarily suppress the notice in /home/896782.cloudwaysapps.com/vebhcvgxta/public_html/wp-includes/Requests/Cookie/Jar.php on line 111
[26-Jan-2023 07:58:48 UTC] PHP Deprecated:  http_build_query(): Passing null to parameter #2 ($numeric_prefix) of type string is deprecated in /home/896782.cloudwaysapps.com/vebhcvgxta/public_html/wp-includes/Requests/Transport/cURL.php on line 345
[26-Jan-2023 07:58:49 UTC] PHP Deprecated:  Return type of Requests_Utility_CaseInsensitiveDictionary::offsetExists($key) should either be compatible with ArrayAccess::offsetExists(mixed $offset): bool, or the #[\ReturnTypeWillChange] attribute should be used to temporarily suppress the notice in /home/896782.cloudwaysapps.com/vebhcvgxta/public_html/wp-includes/Requests/Utility/CaseInsensitiveDictionary.php on line 40
[26-Jan-2023 07:58:49 UTC] PHP Deprecated:  Return type of Requests_Utility_CaseInsensitiveDictionary::offsetGet($key) should either be compatible with ArrayAccess::offsetGet(mixed $offset): mixed, or the #[\ReturnTypeWillChange] attribute should be used to temporarily suppress the notice in /home/896782.cloudwaysapps.com/vebhcvgxta/public_html/wp-includes/Requests/Utility/CaseInsensitiveDictionary.php on line 51
[26-Jan-2023 07:58:49 UTC] PHP Deprecated:  Return type of Requests_Utility_CaseInsensitiveDictionary::offsetSet($key, $value) should either be compatible with ArrayAccess::offsetSet(mixed $offset, mixed $value): void, or the #[\ReturnTypeWillChange] attribute should be used to temporarily suppress the notice in /home/896782.cloudwaysapps.com/vebhcvgxta/public_html/wp-includes/Requests/Utility/CaseInsensitiveDictionary.php on line 68
[26-Jan-2023 07:58:49 UTC] PHP Deprecated:  Return type of Requests_Utility_CaseInsensitiveDictionary::offsetUnset($key) should either be compatible with ArrayAccess::offsetUnset(mixed $offset): void, or the #[\ReturnTypeWillChange] attribute should be used to temporarily suppress the notice in /home/896782.cloudwaysapps.com/vebhcvgxta/public_html/wp-includes/Requests/Utility/CaseInsensitiveDictionary.php on line 82
[26-Jan-2023 07:58:49 UTC] PHP Deprecated:  Return type of Requests_Utility_CaseInsensitiveDictionary::getIterator() should either be compatible with IteratorAggregate::getIterator(): Traversable, or the #[\ReturnTypeWillChange] attribute should be used to temporarily suppress the notice in /home/896782.cloudwaysapps.com/vebhcvgxta/public_html/wp-includes/Requests/Utility/CaseInsensitiveDictionary.php on line 91
[26-Jan-2023 07:58:50 UTC] PHP Deprecated:  http_build_query(): Passing null to parameter #2 ($numeric_prefix) of type string is deprecated in /home/896782.cloudwaysapps.com/vebhcvgxta/public_html/wp-includes/Requests/Transport/cURL.php on line 345
[26-Jan-2023 07:58:51 UTC] PHP Deprecated:  Automatic conversion of false to array is deprecated in /home/896782.cloudwaysapps.com/vebhcvgxta/public_html/wp-content/plugins/yith-woocommerce-review-reminder-premium/plugin-upgrade/lib/yit-plugin-upgrade.php on line 184
[26-Jan-2023 07:58:51 UTC] PHP Deprecated:  The $control_id argument is deprecated since version 3.5.0! in /home/896782.cloudwaysapps.com/vebhcvgxta/public_html/wp-content/plugins/elementor/modules/dev-tools/deprecation.php on line 304
[26-Jan-2023 07:58:51 UTC] PHP Deprecated:  The $control_id argument is deprecated since version 3.5.0! in /home/896782.cloudwaysapps.com/vebhcvgxta/public_html/wp-content/plugins/elementor/modules/dev-tools/deprecation.php on line 304
[26-Jan-2023 07:58:51 UTC] PHP Deprecated:  Hook elementor/widgets/widgets_registered is <strong>deprecated</strong> since version 3.5.0! Use elementor/widgets/register instead. in /home/896782.cloudwaysapps.com/vebhcvgxta/public_html/wp-includes/functions.php on line 5758
[26-Jan-2023 07:58:51 UTC] PHP Deprecated:  Function Elementor\Widgets_Manager::register_widget_type is <strong>deprecated</strong> since version 3.5.0! Use register instead. in /home/896782.cloudwaysapps.com/vebhcvgxta/public_html/wp-includes/functions.php on line 5383
[26-Jan-2023 07:58:51 UTC] PHP Deprecated:  Function Elementor\Widgets_Manager::register_widget_type is <strong>deprecated</strong> since version 3.5.0! Use register instead. in /home/896782.cloudwaysapps.com/vebhcvgxta/public_html/wp-includes/functions.php on line 5383
[26-Jan-2023 07:58:51 UTC] PHP Deprecated:  Function Elementor\Widgets_Manager::register_widget_type is <strong>deprecated</strong> since version 3.5.0! Use register instead. in /home/896782.cloudwaysapps.com/vebhcvgxta/public_html/wp-includes/functions.php on line 5383
[26-Jan-2023 07:58:51 UTC] PHP Deprecated:  Function Elementor\Widgets_Manager::register_widget_type is <strong>deprecated</strong> since version 3.5.0! Use register instead. in /home/896782.cloudwaysapps.com/vebhcvgxta/public_html/wp-includes/functions.php on line 5383
[26-Jan-2023 07:58:51 UTC] PHP Deprecated:  Function Elementor\Widgets_Manager::register_widget_type is <strong>deprecated</strong> since version 3.5.0! Use register instead. in /home/896782.cloudwaysapps.com/vebhcvgxta/public_html/wp-includes/functions.php on line 5383
[26-Jan-2023 07:58:51 UTC] PHP Deprecated:  Function Elementor\Widgets_Manager::register_widget_type is <strong>deprecated</strong> since version 3.5.0! Use register instead. in /home/896782.cloudwaysapps.com/vebhcvgxta/public_html/wp-includes/functions.php on line 5383
[26-Jan-2023 07:58:51 UTC] PHP Deprecated:  Function Elementor\Widgets_Manager::register_widget_type is <strong>deprecated</strong> since version 3.5.0! Use register instead. in /home/896782.cloudwaysapps.com/vebhcvgxta/public_html/wp-includes/functions.php on line 5383
[26-Jan-2023 07:58:51 UTC] PHP Deprecated:  Function Elementor\Widgets_Manager::register_widget_type is <strong>deprecated</strong> since version 3.5.0! Use register instead. in /home/896782.cloudwaysapps.com/vebhcvgxta/public_html/wp-includes/functions.php on line 5383
[26-Jan-2023 07:58:51 UTC] PHP Deprecated:  Function Elementor\Widgets_Manager::register_widget_type is <strong>deprecated</strong> since version 3.5.0! Use register instead. in /home/896782.cloudwaysapps.com/vebhcvgxta/public_html/wp-includes/functions.php on line 5383
[26-Jan-2023 07:58:51 UTC] PHP Deprecated:  Function Elementor\Widgets_Manager::register_widget_type is <strong>deprecated</strong> since version 3.5.0! Use register instead. in /home/896782.cloudwaysapps.com/vebhcvgxta/public_html/wp-includes/functions.php on line 5383
[26-Jan-2023 07:58:51 UTC] PHP Deprecated:  Function Elementor\Widgets_Manager::register_widget_type is <strong>deprecated</strong> since version 3.5.0! Use register instead. in /home/896782.cloudwaysapps.com/vebhcvgxta/public_html/wp-includes/functions.php on line 5383
[26-Jan-2023 07:58:51 UTC] PHP Deprecated:  Function Elementor\Widgets_Manager::register_widget_type is <strong>deprecated</strong> since version 3.5.0! Use register instead. in /home/896782.cloudwaysapps.com/vebhcvgxta/public_html/wp-includes/functions.php on line 5383
[26-Jan-2023 07:58:51 UTC] PHP Deprecated:  Function Elementor\Widgets_Manager::register_widget_type is <strong>deprecated</strong> since version 3.5.0! Use register instead. in /home/896782.cloudwaysapps.com/vebhcvgxta/public_html/wp-includes/functions.php on line 5383
[26-Jan-2023 07:58:51 UTC] PHP Deprecated:  Function Elementor\Widgets_Manager::register_widget_type is <strong>deprecated</strong> since version 3.5.0! Use register instead. in /home/896782.cloudwaysapps.com/vebhcvgxta/public_html/wp-includes/functions.php on line 5383
[26-Jan-2023 07:58:51 UTC] PHP Deprecated:  Function Elementor\Widgets_Manager::register_widget_type is <strong>deprecated</strong> since version 3.5.0! Use register instead. in /home/896782.cloudwaysapps.com/vebhcvgxta/public_html/wp-includes/functions.php on line 5383
[26-Jan-2023 07:58:51 UTC] PHP Deprecated:  Function Elementor\Widgets_Manager::register_widget_type is <strong>deprecated</strong> since version 3.5.0! Use register instead. in /home/896782.cloudwaysapps.com/vebhcvgxta/public_html/wp-includes/functions.php on line 5383
[26-Jan-2023 07:58:51 UTC] PHP Deprecated:  Function Elementor\Widgets_Manager::register_widget_type is <strong>deprecated</strong> since version 3.5.0! Use register instead. in /home/896782.cloudwaysapps.com/vebhcvgxta/public_html/wp-includes/functions.php on line 5383
[26-Jan-2023 07:58:51 UTC] PHP Deprecated:  Function Elementor\Widgets_Manager::register_widget_type is <strong>deprecated</strong> since version 3.5.0! Use register instead. in /home/896782.cloudwaysapps.com/vebhcvgxta/public_html/wp-includes/functions.php on line 5383
[26-Jan-2023 07:58:51 UTC] PHP Deprecated:  Function Elementor\Widgets_Manager::register_widget_type is <strong>deprecated</strong> since version 3.5.0! Use register instead. in /home/896782.cloudwaysapps.com/vebhcvgxta/public_html/wp-includes/functions.php on line 5383
[26-Jan-2023 07:58:51 UTC] PHP Deprecated:  Function Elementor\Widgets_Manager::register_widget_type is <strong>deprecated</strong> since version 3.5.0! Use register instead. in /home/896782.cloudwaysapps.com/vebhcvgxta/public_html/wp-includes/functions.php on line 5383
[26-Jan-2023 07:58:51 UTC] PHP Deprecated:  Function Elementor\Widgets_Manager::register_widget_type is <strong>deprecated</strong> since version 3.5.0! Use register instead. in /home/896782.cloudwaysapps.com/vebhcvgxta/public_html/wp-includes/functions.php on line 5383
[26-Jan-2023 07:58:51 UTC] PHP Deprecated:  Function Elementor\Widgets_Manager::register_widget_type is <strong>deprecated</strong> since version 3.5.0! Use register instead. in /home/896782.cloudwaysapps.com/vebhcvgxta/public_html/wp-includes/functions.php on line 5383
[26-Jan-2023 07:58:51 UTC] PHP Deprecated:  Function Elementor\Widgets_Manager::register_widget_type is <strong>deprecated</strong> since version 3.5.0! Use register instead. in /home/896782.cloudwaysapps.com/vebhcvgxta/public_html/wp-includes/functions.php on line 5383
[26-Jan-2023 07:58:51 UTC] PHP Deprecated:  Function Elementor\Widgets_Manager::register_widget_type is <strong>deprecated</strong> since version 3.5.0! Use register instead. in /home/896782.cloudwaysapps.com/vebhcvgxta/public_html/wp-includes/functions.php on line 5383
[26-Jan-2023 07:58:51 UTC] PHP Deprecated:  Function Elementor\Widgets_Manager::register_widget_type is <strong>deprecated</strong> since version 3.5.0! Use register instead. in /home/896782.cloudwaysapps.com/vebhcvgxta/public_html/wp-includes/functions.php on line 5383
[26-Jan-2023 07:58:51 UTC] PHP Deprecated:  strstr(): Passing null to parameter #1 ($haystack) of type string is deprecated in /home/896782.cloudwaysapps.com/vebhcvgxta/public_html/wp-content/plugins/woocommerce/includes/wc-page-functions.php on line 139
[26-Jan-2023 07:58:51 UTC] PHP Deprecated:  strstr(): Passing null to parameter #1 ($haystack) of type string is deprecated in /home/896782.cloudwaysapps.com/vebhcvgxta/public_html/wp-content/plugins/woocommerce/includes/wc-page-functions.php on line 139
[26-Jan-2023 07:58:51 UTC] PHP Deprecated:  strstr(): Passing null to parameter #1 ($haystack) of type string is deprecated in /home/896782.cloudwaysapps.com/vebhcvgxta/public_html/wp-content/plugins/woocommerce/includes/wc-page-functions.php on line 139
[26-Jan-2023 07:58:51 UTC] PHP Deprecated:  strstr(): Passing null to parameter #1 ($haystack) of type string is deprecated in /home/896782.cloudwaysapps.com/vebhcvgxta/public_html/wp-content/plugins/woocommerce/includes/wc-page-functions.php on line 139
[26-Jan-2023 07:58:51 UTC] PHP Deprecated:  strstr(): Passing null to parameter #1 ($haystack) of type string is deprecated in /home/896782.cloudwaysapps.com/vebhcvgxta/public_html/wp-content/plugins/woocommerce/includes/wc-page-functions.php on line 139
[26-Jan-2023 07:58:51 UTC] PHP Deprecated:  strstr(): Passing null to parameter #1 ($haystack) of type string is deprecated in /home/896782.cloudwaysapps.com/vebhcvgxta/public_html/wp-content/plugins/woocommerce/includes/wc-page-functions.php on line 139
[26-Jan-2023 07:58:51 UTC] PHP Deprecated:  strstr(): Passing null to parameter #1 ($haystack) of type string is deprecated in /home/896782.cloudwaysapps.com/vebhcvgxta/public_html/wp-content/plugins/woocommerce/includes/wc-page-functions.php on line 139
[26-Jan-2023 07:58:51 UTC] PHP Deprecated:  strstr(): Passing null to parameter #1 ($haystack) of type string is deprecated in /home/896782.cloudwaysapps.com/vebhcvgxta/public_html/wp-content/plugins/woocommerce/includes/wc-page-functions.php on line 139
[26-Jan-2023 07:58:51 UTC] PHP Deprecated:  strstr(): Passing null to parameter #1 ($haystack) of type string is deprecated in /home/896782.cloudwaysapps.com/vebhcvgxta/public_html/wp-content/plugins/woocommerce/includes/wc-page-functions.php on line 139
[26-Jan-2023 07:58:52 UTC] PHP Deprecated:  strstr(): Passing null to parameter #1 ($haystack) of type string is deprecated in /home/896782.cloudwaysapps.com/vebhcvgxta/public_html/wp-content/plugins/woocommerce/includes/wc-page-functions.php on line 139
[26-Jan-2023 07:58:52 UTC] PHP Deprecated:  strstr(): Passing null to parameter #1 ($haystack) of type string is deprecated in /home/896782.cloudwaysapps.com/vebhcvgxta/public_html/wp-content/plugins/woocommerce/includes/wc-page-functions.php on line 139
[26-Jan-2023 07:58:52 UTC] PHP Deprecated:  strstr(): Passing null to parameter #1 ($haystack) of type string is deprecated in /home/896782.cloudwaysapps.com/vebhcvgxta/public_html/wp-content/plugins/woocommerce/includes/wc-page-functions.php on line 139
[26-Jan-2023 07:58:52 UTC] PHP Deprecated:  strstr(): Passing null to parameter #1 ($haystack) of type string is deprecated in /home/896782.cloudwaysapps.com/vebhcvgxta/public_html/wp-content/plugins/woocommerce/includes/wc-page-functions.php on line 139
[26-Jan-2023 07:58:52 UTC] PHP Deprecated:  strstr(): Passing null to parameter #1 ($haystack) of type string is deprecated in /home/896782.cloudwaysapps.com/vebhcvgxta/public_html/wp-content/plugins/woocommerce/includes/wc-page-functions.php on line 139
[26-Jan-2023 07:58:52 UTC] PHP Deprecated:  strstr(): Passing null to parameter #1 ($haystack) of type string is deprecated in /home/896782.cloudwaysapps.com/vebhcvgxta/public_html/wp-content/plugins/woocommerce/includes/wc-page-functions.php on line 139
[26-Jan-2023 07:58:52 UTC] PHP Deprecated:  strstr(): Passing null to parameter #1 ($haystack) of type string is deprecated in /home/896782.cloudwaysapps.com/vebhcvgxta/public_html/wp-content/plugins/woocommerce/includes/wc-page-functions.php on line 139
[26-Jan-2023 07:58:52 UTC] PHP Deprecated:  strstr(): Passing null to parameter #1 ($haystack) of type string is deprecated in /home/896782.cloudwaysapps.com/vebhcvgxta/public_html/wp-content/plugins/woocommerce/includes/wc-page-functions.php on line 139
[26-Jan-2023 07:58:52 UTC] PHP Deprecated:  strstr(): Passing null to parameter #1 ($haystack) of type string is deprecated in /home/896782.cloudwaysapps.com/vebhcvgxta/public_html/wp-content/plugins/woocommerce/includes/wc-page-functions.php on line 139
[26-Jan-2023 07:58:52 UTC] PHP Deprecated:  strstr(): Passing null to parameter #1 ($haystack) of type string is deprecated in /home/896782.cloudwaysapps.com/vebhcvgxta/public_html/wp-content/plugins/woocommerce/includes/wc-page-functions.php on line 139
[26-Jan-2023 07:58:52 UTC] PHP Deprecated:  strstr(): Passing null to parameter #1 ($haystack) of type string is deprecated in /home/896782.cloudwaysapps.com/vebhcvgxta/public_html/wp-content/plugins/woocommerce/includes/wc-page-functions.php on line 139
[26-Jan-2023 07:58:52 UTC] PHP Deprecated:  strstr(): Passing null to parameter #1 ($haystack) of type string is deprecated in /home/896782.cloudwaysapps.com/vebhcvgxta/public_html/wp-content/plugins/woocommerce/includes/wc-page-functions.php on line 139
[26-Jan-2023 07:58:52 UTC] PHP Deprecated:  strstr(): Passing null to parameter #1 ($haystack) of type string is deprecated in /home/896782.cloudwaysapps.com/vebhcvgxta/public_html/wp-content/plugins/woocommerce/includes/wc-page-functions.php on line 139
[26-Jan-2023 07:58:52 UTC] PHP Deprecated:  strstr(): Passing null to parameter #1 ($haystack) of type string is deprecated in /home/896782.cloudwaysapps.com/vebhcvgxta/public_html/wp-content/plugins/woocommerce/includes/wc-page-functions.php on line 139
[26-Jan-2023 07:58:52 UTC] PHP Deprecated:  strstr(): Passing null to parameter #1 ($haystack) of type string is deprecated in /home/896782.cloudwaysapps.com/vebhcvgxta/public_html/wp-content/plugins/woocommerce/includes/wc-page-functions.php on line 139
[26-Jan-2023 07:58:52 UTC] PHP Deprecated:  strstr(): Passing null to parameter #1 ($haystack) of type string is deprecated in /home/896782.cloudwaysapps.com/vebhcvgxta/public_html/wp-content/plugins/woocommerce/includes/wc-page-functions.php on line 139
[26-Jan-2023 07:58:52 UTC] PHP Deprecated:  strstr(): Passing null to parameter #1 ($haystack) of type string is deprecated in /home/896782.cloudwaysapps.com/vebhcvgxta/public_html/wp-content/plugins/woocommerce/includes/wc-page-functions.php on line 139
[26-Jan-2023 07:58:52 UTC] PHP Deprecated:  strstr(): Passing null to parameter #1 ($haystack) of type string is deprecated in /home/896782.cloudwaysapps.com/vebhcvgxta/public_html/wp-content/plugins/woocommerce/includes/wc-page-functions.php on line 139
[26-Jan-2023 07:58:52 UTC] PHP Deprecated:  strstr(): Passing null to parameter #1 ($haystack) of type string is deprecated in /home/896782.cloudwaysapps.com/vebhcvgxta/public_html/wp-content/plugins/woocommerce/includes/wc-page-functions.php on line 139
[26-Jan-2023 07:58:52 UTC] PHP Deprecated:  strstr(): Passing null to parameter #1 ($haystack) of type string is deprecated in /home/896782.cloudwaysapps.com/vebhcvgxta/public_html/wp-content/plugins/woocommerce/includes/wc-page-functions.php on line 139
[26-Jan-2023 07:58:52 UTC] PHP Deprecated:  strstr(): Passing null to parameter #1 ($haystack) of type string is deprecated in /home/896782.cloudwaysapps.com/vebhcvgxta/public_html/wp-content/plugins/woocommerce/includes/wc-page-functions.php on line 139
[26-Jan-2023 07:58:52 UTC] PHP Deprecated:  strstr(): Passing null to parameter #1 ($haystack) of type string is deprecated in /home/896782.cloudwaysapps.com/vebhcvgxta/public_html/wp-content/plugins/woocommerce/includes/wc-page-functions.php on line 139
[26-Jan-2023 07:58:53 UTC] PHP Warning:  Undefined array key 4097 in /home/896782.cloudwaysapps.com/vebhcvgxta/public_html/wp-includes/nav-menu-template.php on line 211
[26-Jan-2023 07:58:53 UTC] PHP Deprecated:  strstr(): Passing null to parameter #1 ($haystack) of type string is deprecated in /home/896782.cloudwaysapps.com/vebhcvgxta/public_html/wp-content/plugins/woocommerce/includes/wc-page-functions.php on line 139
[26-Jan-2023 07:58:53 UTC] PHP Deprecated:  strstr(): Passing null to parameter #1 ($haystack) of type string is deprecated in /home/896782.cloudwaysapps.com/vebhcvgxta/public_html/wp-content/plugins/woocommerce/includes/wc-page-functions.php on line 139
[26-Jan-2023 07:58:53 UTC] PHP Deprecated:  strstr(): Passing null to parameter #1 ($haystack) of type string is deprecated in /home/896782.cloudwaysapps.com/vebhcvgxta/public_html/wp-content/plugins/woocommerce/includes/wc-page-functions.php on line 139
[26-Jan-2023 07:58:53 UTC] PHP Deprecated:  strstr(): Passing null to parameter #1 ($haystack) of type string is deprecated in /home/896782.cloudwaysapps.com/vebhcvgxta/public_html/wp-content/plugins/woocommerce/includes/wc-page-functions.php on line 139
[26-Jan-2023 07:58:53 UTC] PHP Deprecated:  strstr(): Passing null to parameter #1 ($haystack) of type string is deprecated in /home/896782.cloudwaysapps.com/vebhcvgxta/public_html/wp-content/plugins/woocommerce/includes/wc-page-functions.php on line 139
[26-Jan-2023 07:58:53 UTC] PHP Deprecated:  strstr(): Passing null to parameter #1 ($haystack) of type string is deprecated in /home/896782.cloudwaysapps.com/vebhcvgxta/public_html/wp-content/plugins/woocommerce/includes/wc-page-functions.php on line 139
[26-Jan-2023 07:58:53 UTC] PHP Deprecated:  strstr(): Passing null to parameter #1 ($haystack) of type string is deprecated in /home/896782.cloudwaysapps.com/vebhcvgxta/public_html/wp-content/plugins/woocommerce/includes/wc-page-functions.php on line 139
[26-Jan-2023 07:58:53 UTC] PHP Deprecated:  strstr(): Passing null to parameter #1 ($haystack) of type string is deprecated in /home/896782.cloudwaysapps.com/vebhcvgxta/public_html/wp-content/plugins/woocommerce/includes/wc-page-functions.php on line 139
[26-Jan-2023 07:58:53 UTC] PHP Deprecated:  strstr(): Passing null to parameter #1 ($haystack) of type string is deprecated in /home/896782.cloudwaysapps.com/vebhcvgxta/public_html/wp-content/plugins/woocommerce/includes/wc-page-functions.php on line 139
[26-Jan-2023 07:58:53 UTC] PHP Deprecated:  strstr(): Passing null to parameter #1 ($haystack) of type string is deprecated in /home/896782.cloudwaysapps.com/vebhcvgxta/public_html/wp-content/plugins/woocommerce/includes/wc-page-functions.php on line 139
[26-Jan-2023 07:58:53 UTC] PHP Deprecated:  strstr(): Passing null to parameter #1 ($haystack) of type string is deprecated in /home/896782.cloudwaysapps.com/vebhcvgxta/public_html/wp-content/plugins/woocommerce/includes/wc-page-functions.php on line 139
[26-Jan-2023 07:58:53 UTC] PHP Deprecated:  strstr(): Passing null to parameter #1 ($haystack) of type string is deprecated in /home/896782.cloudwaysapps.com/vebhcvgxta/public_html/wp-content/plugins/woocommerce/includes/wc-page-functions.php on line 139
[26-Jan-2023 07:58:53 UTC] PHP Deprecated:  strstr(): Passing null to parameter #1 ($haystack) of type string is deprecated in /home/896782.cloudwaysapps.com/vebhcvgxta/public_html/wp-content/plugins/woocommerce/includes/wc-page-functions.php on line 139
[26-Jan-2023 07:58:53 UTC] PHP Deprecated:  strstr(): Passing null to parameter #1 ($haystack) of type string is deprecated in /home/896782.cloudwaysapps.com/vebhcvgxta/public_html/wp-content/plugins/woocommerce/includes/wc-page-functions.php on line 139
[26-Jan-2023 07:58:53 UTC] PHP Deprecated:  strstr(): Passing null to parameter #1 ($haystack) of type string is deprecated in /home/896782.cloudwaysapps.com/vebhcvgxta/public_html/wp-content/plugins/woocommerce/includes/wc-page-functions.php on line 139
[26-Jan-2023 07:58:53 UTC] PHP Deprecated:  strstr(): Passing null to parameter #1 ($haystack) of type string is deprecated in /home/896782.cloudwaysapps.com/vebhcvgxta/public_html/wp-content/plugins/woocommerce/includes/wc-page-functions.php on line 139
[26-Jan-2023 07:58:53 UTC] PHP Deprecated:  strstr(): Passing null to parameter #1 ($haystack) of type string is deprecated in /home/896782.cloudwaysapps.com/vebhcvgxta/public_html/wp-content/plugins/woocommerce/includes/wc-page-functions.php on line 139
[26-Jan-2023 07:58:53 UTC] PHP Deprecated:  strstr(): Passing null to parameter #1 ($haystack) of type string is deprecated in /home/896782.cloudwaysapps.com/vebhcvgxta/public_html/wp-content/plugins/woocommerce/includes/wc-page-functions.php on line 139
[26-Jan-2023 07:58:53 UTC] PHP Deprecated:  http_build_query(): Passing null to parameter #2 ($numeric_prefix) of type string is deprecated in /home/896782.cloudwaysapps.com/vebhcvgxta/public_html/wp-includes/Requests/Transport/cURL.php on line 345
[26-Jan-2023 07:58:53 UTC] PHP Deprecated:  http_build_query(): Passing null to parameter #2 ($numeric_prefix) of type string is deprecated in /home/896782.cloudwaysapps.com/vebhcvgxta/public_html/wp-includes/Requests/Transport/cURL.php on line 345
[26-Jan-2023 07:58:53 UTC] PHP Deprecated:  http_build_query(): Passing null to parameter #2 ($numeric_prefix) of type string is deprecated in /home/896782.cloudwaysapps.com/vebhcvgxta/public_html/wp-includes/Requests/Transport/cURL.php on line 345
[26-Jan-2023 07:58:54 UTC] PHP Deprecated:  http_build_query(): Passing null to parameter #2 ($numeric_prefix) of type string is deprecated in /home/896782.cloudwaysapps.com/vebhcvgxta/public_html/wp-includes/Requests/Transport/cURL.php on line 345
[26-Jan-2023 07:58:55 UTC] PHP Deprecated:  http_build_query(): Passing null to parameter #2 ($numeric_prefix) of type string is deprecated in /home/896782.cloudwaysapps.com/vebhcvgxta/public_html/wp-includes/Requests/Transport/cURL.php on line 345
[26-Jan-2023 07:58:55 UTC] PHP Deprecated:  http_build_query(): Passing null to parameter #2 ($numeric_prefix) of type string is deprecated in /home/896782.cloudwaysapps.com/vebhcvgxta/public_html/wp-includes/Requests/Transport/cURL.php on line 345
[26-Jan-2023 07:58:55 UTC] PHP Deprecated:  http_build_query(): Passing null to parameter #2 ($numeric_prefix) of type string is deprecated in /home/896782.cloudwaysapps.com/vebhcvgxta/public_html/wp-includes/Requests/Transport/cURL.php on line 345
[26-Jan-2023 07:58:56 UTC] PHP Deprecated:  http_build_query(): Passing null to parameter #2 ($numeric_prefix) of type string is deprecated in /home/896782.cloudwaysapps.com/vebhcvgxta/public_html/wp-includes/Requests/Transport/cURL.php on line 345
